#
# There is insufficient memory for the Java Runtime Environment to continue.
# Native memory allocation (malloc) failed to allocate 1048576 bytes for AllocateHeap
# Possible reasons:
#   The system is out of physical RAM or swap space
#   The process is running with CompressedOops enabled, and the Java Heap may be blocking the growth of the native heap
# Possible solutions:
#   Reduce memory load on the system
#   Increase physical memory or swap space
#   Check if swap backing store is full
#   Decrease Java heap size (-Xmx/-Xms)
#   Decrease number of Java threads
#   Decrease Java thread stack sizes (-Xss)
#   Set larger code cache with -XX:ReservedCodeCacheSize=
#   JVM is running with Unscaled Compressed Oops mode in which the Java heap is
#     placed in the first 4GB address space. The Java Heap base address is the
#     maximum limit for the native heap growth. Please use -XX:HeapBaseMinAddress
#     to set the Java Heap base and to place the Java Heap above 4GB virtual address.
# This output file may be truncated or incomplete.
#
#  Out of Memory Error (allocation.cpp:44), pid=24560, tid=28864
#
# JRE version:  (20.0.2+9) (build )
# Java VM: Java HotSpot(TM) 64-Bit Server VM (20.0.2+9-78, mixed mode, sharing, tiered, compressed oops, compressed class ptrs, g1 gc, windows-amd64)
# No core dump will be written. Minidumps are not enabled by default on client versions of Windows
#

---------------  S U M M A R Y ------------

Command Line: -Dfile.encoding=UTF-8 -XX:+ShowCodeDetailsInExceptionMessages Main

Host: 11th Gen Intel(R) Core(TM) i7-1165G7 @ 2.80GHz, 8 cores, 15G,  Windows 11 , 64 bit Build 22621 (10.0.22621.2506)
Time: Sun Dec 17 13:28:04 2023 GMT Standard Time elapsed time: 0.044808 seconds (0d 0h 0m 0s)

---------------  T H R E A D  ---------------

Current thread (0x000002109df665a0):  JavaThread "Unknown thread" [_thread_in_vm, id=28864, stack(0x0000005ec5500000,0x0000005ec5600000)]

Stack: [0x0000005ec5500000,0x0000005ec5600000]
Native frames: (J=compiled Java code, j=interpreted, Vv=VM code, C=native code)
V  [jvm.dll+0x6bc25a]
V  [jvm.dll+0x84971a]
V  [jvm.dll+0x84b315]
V  [jvm.dll+0x84ba13]
V  [jvm.dll+0x280e4f]
V  [jvm.dll+0xbce65]
V  [jvm.dll+0x3294c5]
V  [jvm.dll+0x8123aa]
V  [jvm.dll+0x3c1261]
V  [jvm.dll+0x7fe103]
V  [jvm.dll+0x44ccaf]
V  [jvm.dll+0x44e621]
C  [jli.dll+0x5287]
C  [ucrtbase.dll+0x29363]
C  [KERNEL32.DLL+0x1257d]
C  [ntdll.dll+0x5aa58]


---------------  P R O C E S S  ---------------

Threads class SMR info:
_java_thread_list=0x00007ffc03ecb118, length=0, elements={
}

Java Threads: ( => current thread )

Other Threads:

=>0x000002109df665a0 (exited) JavaThread "Unknown thread" [_thread_in_vm, id=28864, stack(0x0000005ec5500000,0x0000005ec5600000)]

Threads with active compile tasks:

VM state: not at safepoint (not fully initialized)

VM Mutex/Monitor currently owned by a thread: None

Heap address: 0x0000000000000000, size: 0 MB, Compressed Oops mode: 32-bit

CDS archive(s) mapped at: [0x0000000000000000-0x0000000000000000-0x0000000000000000), size 0, SharedBaseAddress: 0x0000000800000000, ArchiveRelocationMode: 1.
Narrow klass base: 0x0000000000000000, Narrow klass shift: 0, Narrow klass range: 0x0

GC Precious Log:
 CardTable entry size: 512
 Card Set container configuration: InlinePtr #cards 4 size 8 Array Of Cards #cards 16 size 48 Howl #buckets 8 coarsen threshold 3686 Howl Bitmap #cards 512 size 80 coarsen threshold 460 Card regions per heap region 1 cards per card region 4096

GC Heap History (0 events):
No events

Dll operation events (1 events):
Event: 0.033 Loaded shared library C:\Program Files\Java\jdk-20\bin\java.dll

Deoptimization events (0 events):
No events

Classes loaded (0 events):
No events

Classes unloaded (0 events):
No events

Classes redefined (0 events):
No events

Internal exceptions (0 events):
No events

VM Operations (0 events):
No events

Events (0 events):
No events


Dynamic libraries:
0x00007ff7519f0000 - 0x00007ff751a00000 	C:\Program Files\Java\jdk-20\bin\javaw.exe
0x00007ffc59830000 - 0x00007ffc59a47000 	C:\WINDOWS\SYSTEM32\ntdll.dll
0x00007ffc57980000 - 0x00007ffc57a44000 	C:\WINDOWS\System32\KERNEL32.DLL
0x00007ffc56d70000 - 0x00007ffc57116000 	C:\WINDOWS\System32\KERNELBASE.dll
0x00007ffc572c0000 - 0x00007ffc573d1000 	C:\WINDOWS\System32\ucrtbase.dll
0x00007ffc4c4a0000 - 0x00007ffc4c4bb000 	C:\Program Files\Java\jdk-20\bin\VCRUNTIME140.dll
0x00007ffc4c7f0000 - 0x00007ffc4c809000 	C:\Program Files\Java\jdk-20\bin\jli.dll
0x00007ffc58470000 - 0x00007ffc58521000 	C:\WINDOWS\System32\ADVAPI32.dll
0x00007ffc58340000 - 0x00007ffc583e7000 	C:\WINDOWS\System32\msvcrt.dll
0x00007ffc58290000 - 0x00007ffc58335000 	C:\WINDOWS\System32\sechost.dll
0x00007ffc58560000 - 0x00007ffc58677000 	C:\WINDOWS\System32\RPCRT4.dll
0x00007ffc2e400000 - 0x00007ffc2e693000 	C:\WINDOWS\WinSxS\amd64_microsoft.windows.common-controls_6595b64144ccf1df_6.0.22621.2506_none_270c5ae97388e100\COMCTL32.dll
0x00007ffc592d0000 - 0x00007ffc5947e000 	C:\WINDOWS\System32\USER32.dll
0x00007ffc57550000 - 0x00007ffc57576000 	C:\WINDOWS\System32\win32u.dll
0x00007ffc58690000 - 0x00007ffc586b9000 	C:\WINDOWS\System32\GDI32.dll
0x00007ffc57120000 - 0x00007ffc57238000 	C:\WINDOWS\System32\gdi32full.dll
0x00007ffc56c60000 - 0x00007ffc56cfa000 	C:\WINDOWS\System32\msvcp_win.dll
0x00007ffc4cc70000 - 0x00007ffc4cc7a000 	C:\WINDOWS\SYSTEM32\VERSION.dll
0x00007ffc59720000 - 0x00007ffc59751000 	C:\WINDOWS\System32\IMM32.DLL
0x00007ffc4c8b0000 - 0x00007ffc4c8bc000 	C:\Program Files\Java\jdk-20\bin\vcruntime140_1.dll
0x00007ffc49790000 - 0x00007ffc4981e000 	C:\Program Files\Java\jdk-20\bin\msvcp140.dll
0x00007ffc03370000 - 0x00007ffc04008000 	C:\Program Files\Java\jdk-20\bin\server\jvm.dll
0x00007ffc3cf00000 - 0x00007ffc3cf09000 	C:\WINDOWS\SYSTEM32\WSOCK32.dll
0x00007ffc4f6b0000 - 0x00007ffc4f6e4000 	C:\WINDOWS\SYSTEM32\WINMM.dll
0x00007ffc583f0000 - 0x00007ffc58461000 	C:\WINDOWS\System32\WS2_32.dll
0x00007ffc55c90000 - 0x00007ffc55ca8000 	C:\WINDOWS\SYSTEM32\kernel.appcore.dll
0x00007ffc4f7d0000 - 0x00007ffc4f7da000 	C:\Program Files\Java\jdk-20\bin\jimage.dll
0x00007ffc54650000 - 0x00007ffc54883000 	C:\WINDOWS\SYSTEM32\DBGHELP.DLL
0x00007ffc57580000 - 0x00007ffc57909000 	C:\WINDOWS\System32\combase.dll
0x00007ffc59180000 - 0x00007ffc59257000 	C:\WINDOWS\System32\OLEAUT32.dll
0x00007ffc4bf60000 - 0x00007ffc4bf92000 	C:\WINDOWS\SYSTEM32\dbgcore.DLL
0x00007ffc57240000 - 0x00007ffc572ba000 	C:\WINDOWS\System32\bcryptPrimitives.dll
0x00007ffc4c200000 - 0x00007ffc4c226000 	C:\Program Files\Java\jdk-20\bin\java.dll

dbghelp: loaded successfully - version: 4.0.5 - missing functions: none
symbol engine: initialized successfully - sym options: 0x614 - pdb path: .;C:\Program Files\Java\jdk-20\bin;C:\WINDOWS\SYSTEM32;C:\WINDOWS\WinSxS\amd64_microsoft.windows.common-controls_6595b64144ccf1df_6.0.22621.2506_none_270c5ae97388e100;C:\Program Files\Java\jdk-20\bin\server

VM Arguments:
jvm_args: -Dfile.encoding=UTF-8 -XX:+ShowCodeDetailsInExceptionMessages 
java_command: Main
java_class_path (initial): C:\Users\ranal\eclipse-workspace\ChristmasGame
Launcher Type: SUN_STANDARD

[Global flags]
     intx CICompilerCount                          = 4                                         {product} {ergonomic}
     uint ConcGCThreads                            = 2                                         {product} {ergonomic}
     uint G1ConcRefinementThreads                  = 8                                         {product} {ergonomic}
   size_t G1HeapRegionSize                         = 2097152                                   {product} {ergonomic}
    uintx GCDrainStackTargetSize                   = 64                                        {product} {ergonomic}
   size_t InitialHeapSize                          = 264241152                                 {product} {ergonomic}
   size_t MarkStackSize                            = 4194304                                   {product} {ergonomic}
   size_t MaxHeapSize                              = 4223664128                                {product} {ergonomic}
   size_t MinHeapDeltaBytes                        = 2097152                                   {product} {ergonomic}
   size_t MinHeapSize                              = 8388608                                   {product} {ergonomic}
    uintx NonNMethodCodeHeapSize                   = 5839372                                {pd product} {ergonomic}
    uintx NonProfiledCodeHeapSize                  = 122909434                              {pd product} {ergonomic}
    uintx ProfiledCodeHeapSize                     = 122909434                              {pd product} {ergonomic}
    uintx ReservedCodeCacheSize                    = 251658240                              {pd product} {ergonomic}
     bool SegmentedCodeCache                       = true                                      {product} {ergonomic}
     bool ShowCodeDetailsInExceptionMessages       = true                                   {manageable} {command line}
   size_t SoftMaxHeapSize                          = 4223664128                             {manageable} {ergonomic}
     bool UseCompressedClassPointers               = true                           {product lp64_product} {ergonomic}
     bool UseCompressedOops                        = true                           {product lp64_product} {ergonomic}
     bool UseG1GC                                  = true                                      {product} {ergonomic}
     bool UseLargePagesIndividualAllocation        = false                                  {pd product} {ergonomic}

Logging:
Log output configuration:
 #0: stdout all=warning uptime,level,tags foldmultilines=false
 #1: stderr all=off uptime,level,tags foldmultilines=false

Environment Variables:
JAVA_HOME=C:\Program Files\Eclipse Adoptium\jdk-11.0.20.8-hotspot\
PATH=C:/Program Files/Java/jdk-20/bin/server;C:/Program Files/Java/jdk-20/bin;C:\Program Files\Common Files\Oracle\Java\javapath;C:\Program Files\Eclipse Adoptium\jdk-11.0.20.8-hotspot\bin;C:\Program Files\Eclipse Adoptium\jdk-17.0.7.7-hotspot\bin;C:\Python311\Scripts\;C:\Python311\;C:\WINDOWS\system32;C:\WINDOWS;C:\WINDOWS\System32\Wbem;C:\WINDOWS\System32\WindowsPowerShell\v1.0\;C:\WINDOWS\System32\OpenSSH\;C:\Program Files\dotnet\;C:\ProgramData\chocolatey\bin;C:\Program Files\Git\cmd;C:\Users\ranal\AppData\Local\Programs\Python\Python310\Scripts\;C:\Users\ranal\AppData\Local\Programs\Python\Python310\;C:\Users\ranal\AppData\Local\Microsoft\WindowsApps;C:\Users\ranal\AppData\Local\Microsoft\WindowsApps;C:\Users\ranal\AppData\Local\Programs\Microsoft VS Code\bin;C:\ProgramData\ranal\GitHubDesktop\bin;C:\Users\ranal\AppData\Local\GitHubDesktop\bin;C:\Users\ranal\OneDrive\Desktop;
USERNAME=ranal
OS=Windows_NT
PROCESSOR_IDENTIFIER=Intel64 Family 6 Model 140 Stepping 1, GenuineIntel
TMP=C:\Users\ranal\AppData\Local\Temp
TEMP=C:\Users\ranal\AppData\Local\Temp




---------------  S Y S T E M  ---------------

OS:
 Windows 11 , 64 bit Build 22621 (10.0.22621.2506)
OS uptime: 4 days 10:26 hours

CPU: total 8 (initial active 8) (4 cores per cpu, 2 threads per core) family 6 model 140 stepping 1 microcode 0xa4, cx8, cmov, fxsr, ht, mmx, 3dnowpref, sse, sse2, sse3, ssse3, sse4.1, sse4.2, popcnt, lzcnt, tsc, tscinvbit, avx, avx2, aes, erms, clmul, bmi1, bmi2, adx, avx512f, avx512dq, avx512cd, avx512bw, avx512vl, sha, fma, vzeroupper, avx512_vpopcntdq, avx512_vpclmulqdq, avx512_vaes, avx512_vnni, clflush, clflushopt, clwb, avx512_vbmi2, avx512_vbmi, rdtscp, rdpid, fsrm, gfni, avx512_bitalg, f16c, pku, cet_ibt, cet_ss, avx512_ifma

Memory: 4k page, system-wide physical 16111M (873M free)
TotalPageFile size 65263M (AvailPageFile size 6M)
current process WorkingSet (physical memory assigned to process): 10M, peak: 10M
current process commit charge ("private bytes"): 13M, peak: 14M

vm_info: Java HotSpot(TM) 64-Bit Server VM (20.0.2+9-78) for windows-amd64 JRE (20.0.2+9-78), built on 2023-06-14T10:08:48Z by "mach5one" with MS VC++ 17.1 (VS2022)

END.
